{
  "RSpec": {
    "coverage": {
      "/home/mnoora/Desktop/RubyOnRails/ratebeer/app/helpers/application_helper.rb": [
        1,
        null
      ],
      "/home/mnoora/Desktop/RubyOnRails/ratebeer/app/helpers/beer_clubs_helper.rb": [
        1,
        null
      ],
      "/home/mnoora/Desktop/RubyOnRails/ratebeer/app/helpers/beers_helper.rb": [
        1,
        null
      ],
      "/home/mnoora/Desktop/RubyOnRails/ratebeer/app/helpers/breweries_helper.rb": [
        1,
        null
      ],
      "/home/mnoora/Desktop/RubyOnRails/ratebeer/app/helpers/memberships_helper.rb": [
        1,
        null
      ],
      "/home/mnoora/Desktop/RubyOnRails/ratebeer/app/helpers/users_helper.rb": [
        1,
        null
      ],
      "/home/mnoora/Desktop/RubyOnRails/ratebeer/app/models/beer.rb": [
        1,
        1,
        1,
        1,
        1,
        1,
        1,
        null,
        1,
        2,
        null,
        null
      ],
      "/home/mnoora/Desktop/RubyOnRails/ratebeer/app/models/application_record.rb": [
        1,
        1,
        null
      ],
      "/home/mnoora/Desktop/RubyOnRails/ratebeer/app/models/concerns/rating_average.rb": [
        1,
        1,
        null,
        1,
        9,
        null,
        null
      ],
      "/home/mnoora/Desktop/RubyOnRails/ratebeer/app/models/user.rb": [
        1,
        1,
        null,
        1,
        null,
        null,
        null,
        null,
        1,
        null,
        1,
        null,
        1,
        1,
        1,
        1,
        null,
        1,
        null,
        null,
        1,
        3,
        null,
        2,
        null,
        null,
        1,
        9,
        null,
        8,
        null,
        null,
        1,
        16,
        16,
        4,
        4,
        null,
        null,
        1,
        23,
        null,
        null,
        1,
        9,
        null,
        8,
        null,
        null,
        1,
        16,
        16,
        4,
        4,
        null,
        null,
        1,
        23,
        null,
        null
      ],
      "/home/mnoora/Desktop/RubyOnRails/ratebeer/app/controllers/sessions_controller.rb": [
        1,
        1,
        null,
        null,
        null,
        1,
        14,
        null,
        14,
        13,
        13,
        null,
        1,
        null,
        null,
        null,
        1,
        null,
        0,
        null,
        0,
        null,
        null
      ],
      "/home/mnoora/Desktop/RubyOnRails/ratebeer/app/controllers/application_controller.rb": [
        1,
        null,
        1,
        null,
        1,
        238,
        null,
        190,
        null,
        null,
        1,
        4,
        null,
        null
      ],
      "/home/mnoora/Desktop/RubyOnRails/ratebeer/app/controllers/users_controller.rb": [
        1,
        1,
        null,
        null,
        null,
        1,
        0,
        null,
        null,
        null,
        null,
        1,
        null,
        null,
        null,
        1,
        1,
        null,
        null,
        null,
        1,
        null,
        null,
        null,
        null,
        1,
        1,
        null,
        1,
        1,
        2,
        1,
        null,
        0,
        0,
        null,
        null,
        null,
        null,
        null,
        null,
        1,
        0,
        0,
        0,
        0,
        null,
        0,
        0,
        null,
        null,
        null,
        null,
        null,
        null,
        1,
        0,
        0,
        0,
        null,
        null,
        1,
        null,
        null,
        1,
        24,
        null,
        null,
        null,
        1,
        1,
        null,
        null
      ],
      "/home/mnoora/Desktop/RubyOnRails/ratebeer/app/models/rating.rb": [
        1,
        1,
        1,
        1,
        null,
        null,
        null,
        1,
        14,
        null,
        null
      ],
      "/home/mnoora/Desktop/RubyOnRails/ratebeer/app/models/membership.rb": [
        1,
        1,
        1,
        null
      ],
      "/home/mnoora/Desktop/RubyOnRails/ratebeer/app/models/beer_club.rb": [
        1,
        1,
        1,
        null
      ],
      "/home/mnoora/Desktop/RubyOnRails/ratebeer/app/models/brewery.rb": [
        1,
        1,
        1,
        1,
        1,
        1,
        null,
        null,
        1,
        null,
        1,
        35,
        null,
        null,
        1,
        35,
        null,
        null,
        1,
        35,
        null,
        null,
        1,
        0,
        0,
        0,
        null,
        null,
        1,
        0,
        0,
        null,
        null
      ],
      "/home/mnoora/Desktop/RubyOnRails/ratebeer/app/controllers/beers_controller.rb": [
        1,
        1,
        1,
        1,
        null,
        null,
        null,
        1,
        1,
        null,
        null,
        null,
        null,
        1,
        null,
        null,
        null,
        1,
        2,
        null,
        null,
        null,
        1,
        null,
        null,
        null,
        null,
        1,
        2,
        null,
        2,
        2,
        2,
        1,
        null,
        2,
        1,
        null,
        null,
        null,
        null,
        null,
        null,
        1,
        0,
        0,
        0,
        0,
        null,
        0,
        0,
        null,
        null,
        null,
        null,
        null,
        null,
        1,
        0,
        0,
        0,
        0,
        null,
        null,
        null,
        1,
        null,
        null,
        1,
        0,
        null,
        null,
        null,
        1,
        2,
        null,
        null,
        1,
        4,
        4,
        null,
        null
      ],
      "/home/mnoora/Desktop/RubyOnRails/ratebeer/app/controllers/breweries_controller.rb": [
        1,
        1,
        1,
        null,
        null,
        null,
        1,
        3,
        null,
        null,
        null,
        null,
        1,
        null,
        null,
        null,
        1,
        0,
        null,
        null,
        null,
        1,
        null,
        null,
        null,
        null,
        1,
        0,
        null,
        0,
        0,
        0,
        0,
        null,
        0,
        0,
        null,
        null,
        null,
        null,
        null,
        null,
        1,
        0,
        0,
        0,
        0,
        null,
        0,
        0,
        null,
        null,
        null,
        null,
        null,
        null,
        1,
        0,
        0,
        0,
        0,
        null,
        null,
        null,
        1,
        null,
        null,
        1,
        1,
        null,
        null,
        null,
        1,
        0,
        null,
        null
      ],
      "/home/mnoora/Desktop/RubyOnRails/ratebeer/app/controllers/ratings_controller.rb": [
        1,
        null,
        null,
        1,
        1,
        null,
        1,
        0,
        1,
        1,
        1,
        null,
        0,
        0,
        null,
        null,
        null,
        1,
        1,
        null,
        null,
        1,
        1,
        1,
        null,
        null,
        1,
        1,
        1,
        1,
        null,
        null
      ],
      "/home/mnoora/Desktop/RubyOnRails/ratebeer/app/models/place.rb": [
        0,
        0,
        0,
        0,
        0
      ],
      "/home/mnoora/Desktop/RubyOnRails/ratebeer/app/controllers/memberships_controller.rb": [
        0,
        0,
        null,
        null,
        null,
        0,
        0,
        0,
        null,
        null,
        null,
        0,
        0,
        null,
        null,
        0,
        0,
        0,
        0,
        null,
        null,
        0,
        0,
        null,
        null,
        null,
        0,
        0,
        null,
        0,
        0,
        0,
        0,
        0,
        0,
        0,
        0,
        0,
        0,
        null,
        null,
        null,
        0,
        0,
        0,
        0,
        0,
        0,
        0,
        0,
        0,
        0,
        0,
        null,
        null,
        null,
        0,
        0,
        0,
        0,
        0,
        0,
        0,
        null,
        0,
        null,
        null,
        0,
        0,
        0,
        null,
        null,
        0,
        0,
        0,
        0
      ],
      "/home/mnoora/Desktop/RubyOnRails/ratebeer/app/controllers/beer_clubs_controller.rb": [
        0,
        0,
        0,
        null,
        null,
        null,
        0,
        0,
        0,
        null,
        null,
        null,
        0,
        0,
        null,
        null,
        0,
        0,
        0,
        null,
        null,
        0,
        0,
        null,
        null,
        null,
        0,
        0,
        null,
        0,
        0,
        0,
        0,
        0,
        0,
        0,
        0,
        0,
        0,
        null,
        null,
        null,
        0,
        0,
        0,
        0,
        0,
        0,
        0,
        0,
        0,
        0,
        0,
        null,
        null,
        null,
        0,
        0,
        0,
        0,
        0,
        0,
        0,
        null,
        0,
        null,
        null,
        0,
        0,
        0,
        null,
        null,
        0,
        0,
        0,
        0
      ],
      "/home/mnoora/Desktop/RubyOnRails/ratebeer/app/controllers/places_controller.rb": [
        0,
        0,
        0,
        null,
        0,
        0,
        0,
        null,
        0,
        0,
        null,
        0,
        0,
        0,
        0,
        0,
        0,
        0,
        0,
        0,
        0,
        0
      ],
      "/home/mnoora/Desktop/RubyOnRails/ratebeer/app/mailers/application_mailer.rb": [
        0,
        0,
        0,
        0
      ],
      "/home/mnoora/Desktop/RubyOnRails/ratebeer/app/channels/application_cable/channel.rb": [
        0,
        0,
        0,
        0
      ],
      "/home/mnoora/Desktop/RubyOnRails/ratebeer/app/channels/application_cable/connection.rb": [
        0,
        0,
        0,
        0
      ],
      "/home/mnoora/Desktop/RubyOnRails/ratebeer/app/jobs/application_job.rb": [
        0,
        0
      ]
    },
    "timestamp": 1538306090
  }
}
